c:\users\otter\documents\2355\steott\homework7\homework7\debug\vc140.pdb
c:\users\otter\documents\2355\steott\homework7\homework7\debug\vc140.idb
c:\users\otter\documents\2355\steott\homework7\homework7\debug\bitvector.obj
c:\users\otter\documents\2355\steott\homework7\homework7\debug\export.obj
c:\users\otter\documents\2355\steott\homework7\homework7\debug\main.obj
c:\users\otter\documents\2355\steott\homework7\homework7\debug\myarray.obj
c:\users\otter\documents\2355\steott\homework7\homework7\debug\voxelshape.obj
c:\users\ott\documents\svn\homework7\homework7\debug\vc140.pdb
c:\users\ott\documents\svn\homework7\homework7\debug\vc140.idb
c:\users\ott\documents\svn\homework7\homework7\debug\bitvector.obj
c:\users\ott\documents\svn\homework7\homework7\debug\myarray.obj
c:\users\ott\documents\svn\homework7\homework7\debug\voxelshape.obj
c:\users\ott\documents\svn\homework7\homework7\debug\export.obj
c:\users\ott\documents\svn\homework7\homework7\debug\main.obj
c:\users\otter\documents\2355\steott\homework7\debug\homework7.ilk
c:\users\otter\documents\2355\steott\homework7\debug\homework7.exe
c:\users\otter\documents\2355\steott\homework7\debug\homework7.pdb
c:\users\ott\documents\svn\homework7\debug\homework7.ilk
c:\users\ott\documents\svn\homework7\debug\homework7.exe
c:\users\ott\documents\svn\homework7\debug\homework7.pdb
c:\users\ott\documents\svn\homework7\homework7\debug\homework7.tlog\cl.command.1.tlog
c:\users\ott\documents\svn\homework7\homework7\debug\homework7.tlog\cl.read.1.tlog
c:\users\ott\documents\svn\homework7\homework7\debug\homework7.tlog\cl.write.1.tlog
c:\users\ott\documents\svn\homework7\homework7\debug\homework7.tlog\link.command.1.tlog
c:\users\ott\documents\svn\homework7\homework7\debug\homework7.tlog\link.read.1.tlog
c:\users\ott\documents\svn\homework7\homework7\debug\homework7.tlog\link.write.1.tlog
